system   I             system.c:245  al_install_system                [   0.00035] Allegro version: 5.1.12 (WIP)
system   D            wsystem.c:674  maybe_parent_dir                 [   0.00063] Also searching E:\school\EGP-410\GameAI\steering\
system   D            wsystem.c:724  _al_win_safe_load_library        [   0.00080] PathFindOnPath found: C:\Windows\system32\d3d9.dll
system   D            wsystem.c:635  load_library_at_path             [   0.00082] Calling LoadLibrary C:\Windows\system32\d3d9.dll
system   I            wsystem.c:638  load_library_at_path             [   0.00530] Loaded C:\Windows\system32\d3d9.dll
d3d      I         d3d_disp.cpp:672  d3d_init_display                 [   0.03946] Render-to-texture: 1
d3d      I         d3d_disp.cpp:1770 d3d_create_display_locked        [   0.04020] faux_fullscreen=0
d3d      D         d3d_disp.cpp:1771 d3d_create_display_locked        [   0.04022] al_display=008766A0
d3d      D         d3d_disp.cpp:1772 d3d_create_display_locked        [   0.04024] al_display->vt=008765C0
d3d      I d3d_display_formats.cpp:144  _al_d3d_generate_display_format_list [   0.04631] found 288 format combinations
display  D   display_settings.c:202  debug_display_settings           [   0.04638] color: 32 (rgba 8880), depth: 0, stencil: 0, acc: 0000, samples: 0/0
display  D   display_settings.c:517  _al_score_display_settings       [   0.04642] Score is : 897
display  D   display_settings.c:202  debug_display_settings           [   0.04644] color: 32 (rgba 8880), depth: 0, stencil: 0, acc: 0000, samples: 0/0
display  D   display_settings.c:517  _al_score_display_settings       [   0.04647] Score is : 897
display  D   display_settings.c:202  debug_display_settings           [   0.04649] color: 32 (rgba 8880), depth: 0, stencil: 0, acc: 0000, samples: 2/1
display  D   display_settings.c:517  _al_score_display_settings       [   0.04652] Score is : 726
display  D   display_settings.c:202  debug_display_settings           [   0.04654] color: 32 (rgba 8880), depth: 0, stencil: 0, acc: 0000, samples: 3/1
display  D   display_settings.c:517  _al_score_display_settings       [   0.04656] Score is : 721
display  D   display_settings.c:202  debug_display_settings           [   0.04658] color: 32 (rgba 8880), depth: 0, stencil: 0, acc: 0000, samples: 4/1
display  D   display_settings.c:517  _al_score_display_settings       [   0.04661] Score is : 717
display  D   display_settings.c:202  debug_display_settings           [   0.04662] color: 32 (rgba 8880), depth: 0, stencil: 0, acc: 0000, samples: 5/1
display  D   display_settings.c:517  _al_score_display_settings       [   0.04665] Score is : 715
display  D   display_settings.c:202  debug_display_settings           [   0.04667] color: 32 (rgba 8880), depth: 0, stencil: 0, acc: 0000, samples: 6/1
display  D   display_settings.c:517  _al_score_display_settings       [   0.04670] Score is : 714
display  D   display_settings.c:202  debug_display_settings           [   0.04672] color: 32 (rgba 8880), depth: 0, stencil: 0, acc: 0000, samples: 7/1
display  D   display_settings.c:517  _al_score_display_settings       [   0.04674] Score is : 713
display  D   display_settings.c:202  debug_display_settings           [   0.04676] color: 32 (rgba 8880), depth: 0, stencil: 0, acc: 0000, samples: 8/1
display  D   display_settings.c:517  _al_score_display_settings       [   0.04679] Score is : 712
display  D   display_settings.c:202  debug_display_settings           [   0.04680] color: 32 (rgba 8880), depth: 24, stencil: 8, acc: 0000, samples: 0/0
display  D   display_settings.c:517  _al_score_display_settings       [   0.04683] Score is : 897
display  D   display_settings.c:202  debug_display_settings           [   0.04685] color: 32 (rgba 8880), depth: 24, stencil: 8, acc: 0000, samples: 0/0
display  D   display_settings.c:517  _al_score_display_settings       [   0.04687] Score is : 897
display  D   display_settings.c:202  debug_display_settings           [   0.04689] color: 32 (rgba 8880), depth: 24, stencil: 8, acc: 0000, samples: 2/1
display  D   display_settings.c:517  _al_score_display_settings       [   0.04699] Score is : 726
display  D   display_settings.c:202  debug_display_settings           [   0.04702] color: 32 (rgba 8880), depth: 24, stencil: 8, acc: 0000, samples: 3/1
display  D   display_settings.c:517  _al_score_display_settings       [   0.04704] Score is : 721
display  D   display_settings.c:202  debug_display_settings           [   0.04706] color: 32 (rgba 8880), depth: 24, stencil: 8, acc: 0000, samples: 4/1
display  D   display_settings.c:517  _al_score_display_settings       [   0.04709] Score is : 717
display  D   display_settings.c:202  debug_display_settings           [   0.04710] color: 32 (rgba 8880), depth: 24, stencil: 8, acc: 0000, samples: 5/1
display  D   display_settings.c:517  _al_score_display_settings       [   0.04713] Score is : 715
display  D   display_settings.c:202  debug_display_settings           [   0.04715] color: 32 (rgba 8880), depth: 24, stencil: 8, acc: 0000, samples: 6/1
display  D   display_settings.c:517  _al_score_display_settings       [   0.04718] Score is : 714
display  D   display_settings.c:202  debug_display_settings           [   0.04719] color: 32 (rgba 8880), depth: 24, stencil: 8, acc: 0000, samples: 7/1
display  D   display_settings.c:517  _al_score_display_settings       [   0.04722] Score is : 713
display  D   display_settings.c:202  debug_display_settings           [   0.04724] color: 32 (rgba 8880), depth: 24, stencil: 8, acc: 0000, samples: 8/1
display  D   display_settings.c:517  _al_score_display_settings       [   0.04726] Score is : 712
display  D   display_settings.c:202  debug_display_settings           [   0.04728] color: 32 (rgba 8880), depth: 24, stencil: 0, acc: 0000, samples: 0/0
display  D   display_settings.c:517  _al_score_display_settings       [   0.04731] Score is : 897
display  D   display_settings.c:202  debug_display_settings           [   0.04733] color: 32 (rgba 8880), depth: 24, stencil: 0, acc: 0000, samples: 0/0
display  D   display_settings.c:517  _al_score_display_settings       [   0.04735] Score is : 897
display  D   display_settings.c:202  debug_display_settings           [   0.04737] color: 32 (rgba 8880), depth: 24, stencil: 0, acc: 0000, samples: 2/1
display  D   display_settings.c:517  _al_score_display_settings       [   0.04739] Score is : 726
display  D   display_settings.c:202  debug_display_settings           [   0.04741] color: 32 (rgba 8880), depth: 24, stencil: 0, acc: 0000, samples: 3/1
display  D   display_settings.c:517  _al_score_display_settings       [   0.04744] Score is : 721
display  D   display_settings.c:202  debug_display_settings           [   0.04745] color: 32 (rgba 8880), depth: 24, stencil: 0, acc: 0000, samples: 4/1
display  D   display_settings.c:517  _al_score_display_settings       [   0.04748] Score is : 717
display  D   display_settings.c:202  debug_display_settings           [   0.04750] color: 32 (rgba 8880), depth: 24, stencil: 0, acc: 0000, samples: 5/1
display  D   display_settings.c:517  _al_score_display_settings       [   0.04752] Score is : 715
display  D   display_settings.c:202  debug_display_settings           [   0.04754] color: 32 (rgba 8880), depth: 24, stencil: 0, acc: 0000, samples: 6/1
display  D   display_settings.c:517  _al_score_display_settings       [   0.04757] Score is : 714
display  D   display_settings.c:202  debug_display_settings           [   0.04759] color: 32 (rgba 8880), depth: 24, stencil: 0, acc: 0000, samples: 7/1
display  D   display_settings.c:517  _al_score_display_settings       [   0.04761] Score is : 713
display  D   display_settings.c:202  debug_display_settings           [   0.04763] color: 32 (rgba 8880), depth: 24, stencil: 0, acc: 0000, samples: 8/1
display  D   display_settings.c:517  _al_score_display_settings       [   0.04766] Score is : 712
display  D   display_settings.c:202  debug_display_settings           [   0.04768] color: 32 (rgba 8880), depth: 16, stencil: 0, acc: 0000, samples: 0/0
display  D   display_settings.c:517  _al_score_display_settings       [   0.04770] Score is : 897
display  D   display_settings.c:202  debug_display_settings           [   0.04776] color: 32 (rgba 8880), depth: 16, stencil: 0, acc: 0000, samples: 0/0
display  D   display_settings.c:517  _al_score_display_settings       [   0.04779] Score is : 897
display  D   display_settings.c:202  debug_display_settings           [   0.04781] color: 32 (rgba 8880), depth: 16, stencil: 0, acc: 0000, samples: 2/1
display  D   display_settings.c:517  _al_score_display_settings       [   0.04783] Score is : 726
display  D   display_settings.c:202  debug_display_settings           [   0.04785] color: 32 (rgba 8880), depth: 16, stencil: 0, acc: 0000, samples: 3/1
display  D   display_settings.c:517  _al_score_display_settings       [   0.04788] Score is : 721
display  D   display_settings.c:202  debug_display_settings           [   0.04789] color: 32 (rgba 8880), depth: 16, stencil: 0, acc: 0000, samples: 4/1
display  D   display_settings.c:517  _al_score_display_settings       [   0.04792] Score is : 717
display  D   display_settings.c:202  debug_display_settings           [   0.04794] color: 32 (rgba 8880), depth: 16, stencil: 0, acc: 0000, samples: 5/1
display  D   display_settings.c:517  _al_score_display_settings       [   0.04796] Score is : 715
display  D   display_settings.c:202  debug_display_settings           [   0.04798] color: 32 (rgba 8880), depth: 16, stencil: 0, acc: 0000, samples: 6/1
display  D   display_settings.c:517  _al_score_display_settings       [   0.04801] Score is : 714
display  D   display_settings.c:202  debug_display_settings           [   0.04802] color: 32 (rgba 8880), depth: 16, stencil: 0, acc: 0000, samples: 7/1
display  D   display_settings.c:517  _al_score_display_settings       [   0.04805] Score is : 713
display  D   display_settings.c:202  debug_display_settings           [   0.04807] color: 32 (rgba 8880), depth: 16, stencil: 0, acc: 0000, samples: 8/1
display  D   display_settings.c:517  _al_score_display_settings       [   0.04809] Score is : 712
display  D   display_settings.c:202  debug_display_settings           [   0.04811] color: 16 (rgba 5650), depth: 0, stencil: 0, acc: 0000, samples: 0/0
display  D   display_settings.c:517  _al_score_display_settings       [   0.04813] Score is : 897
display  D   display_settings.c:202  debug_display_settings           [   0.04815] color: 16 (rgba 5650), depth: 0, stencil: 0, acc: 0000, samples: 0/0
display  D   display_settings.c:517  _al_score_display_settings       [   0.04818] Score is : 897
display  D   display_settings.c:202  debug_display_settings           [   0.04820] color: 16 (rgba 5650), depth: 0, stencil: 0, acc: 0000, samples: 2/1
display  D   display_settings.c:517  _al_score_display_settings       [   0.04822] Score is : 726
display  D   display_settings.c:202  debug_display_settings           [   0.04824] color: 16 (rgba 5650), depth: 0, stencil: 0, acc: 0000, samples: 3/1
display  D   display_settings.c:517  _al_score_display_settings       [   0.04826] Score is : 721
display  D   display_settings.c:202  debug_display_settings           [   0.04828] color: 16 (rgba 5650), depth: 0, stencil: 0, acc: 0000, samples: 4/1
display  D   display_settings.c:517  _al_score_display_settings       [   0.04830] Score is : 717
display  D   display_settings.c:202  debug_display_settings           [   0.04832] color: 16 (rgba 5650), depth: 0, stencil: 0, acc: 0000, samples: 5/1
display  D   display_settings.c:517  _al_score_display_settings       [   0.04835] Score is : 715
display  D   display_settings.c:202  debug_display_settings           [   0.04836] color: 16 (rgba 5650), depth: 0, stencil: 0, acc: 0000, samples: 6/1
display  D   display_settings.c:517  _al_score_display_settings       [   0.04838] Score is : 714
display  D   display_settings.c:202  debug_display_settings           [   0.04840] color: 16 (rgba 5650), depth: 0, stencil: 0, acc: 0000, samples: 7/1
display  D   display_settings.c:517  _al_score_display_settings       [   0.04842] Score is : 713
display  D   display_settings.c:202  debug_display_settings           [   0.04845] color: 16 (rgba 5650), depth: 0, stencil: 0, acc: 0000, samples: 8/1
display  D   display_settings.c:517  _al_score_display_settings       [   0.04848] Score is : 712
display  D   display_settings.c:202  debug_display_settings           [   0.04849] color: 16 (rgba 5650), depth: 24, stencil: 8, acc: 0000, samples: 0/0
display  D   display_settings.c:517  _al_score_display_settings       [   0.04852] Score is : 897
display  D   display_settings.c:202  debug_display_settings           [   0.04854] color: 16 (rgba 5650), depth: 24, stencil: 8, acc: 0000, samples: 0/0
display  D   display_settings.c:517  _al_score_display_settings       [   0.04856] Score is : 897
display  D   display_settings.c:202  debug_display_settings           [   0.04858] color: 16 (rgba 5650), depth: 24, stencil: 8, acc: 0000, samples: 2/1
display  D   display_settings.c:517  _al_score_display_settings       [   0.04861] Score is : 726
display  D   display_settings.c:202  debug_display_settings           [   0.04862] color: 16 (rgba 5650), depth: 24, stencil: 8, acc: 0000, samples: 3/1
display  D   display_settings.c:517  _al_score_display_settings       [   0.04865] Score is : 721
display  D   display_settings.c:202  debug_display_settings           [   0.04867] color: 16 (rgba 5650), depth: 24, stencil: 8, acc: 0000, samples: 4/1
display  D   display_settings.c:517  _al_score_display_settings       [   0.04870] Score is : 717
display  D   display_settings.c:202  debug_display_settings           [   0.04871] color: 16 (rgba 5650), depth: 24, stencil: 8, acc: 0000, samples: 5/1
display  D   display_settings.c:517  _al_score_display_settings       [   0.04874] Score is : 715
display  D   display_settings.c:202  debug_display_settings           [   0.04876] color: 16 (rgba 5650), depth: 24, stencil: 8, acc: 0000, samples: 6/1
display  D   display_settings.c:517  _al_score_display_settings       [   0.04878] Score is : 714
display  D   display_settings.c:202  debug_display_settings           [   0.04880] color: 16 (rgba 5650), depth: 24, stencil: 8, acc: 0000, samples: 7/1
display  D   display_settings.c:517  _al_score_display_settings       [   0.04883] Score is : 713
display  D   display_settings.c:202  debug_display_settings           [   0.04884] color: 16 (rgba 5650), depth: 24, stencil: 8, acc: 0000, samples: 8/1
display  D   display_settings.c:517  _al_score_display_settings       [   0.04887] Score is : 712
display  D   display_settings.c:202  debug_display_settings           [   0.04889] color: 16 (rgba 5650), depth: 24, stencil: 0, acc: 0000, samples: 0/0
display  D   display_settings.c:517  _al_score_display_settings       [   0.04891] Score is : 897
display  D   display_settings.c:202  debug_display_settings           [   0.04893] color: 16 (rgba 5650), depth: 24, stencil: 0, acc: 0000, samples: 0/0
display  D   display_settings.c:517  _al_score_display_settings       [   0.04895] Score is : 897
display  D   display_settings.c:202  debug_display_settings           [   0.04897] color: 16 (rgba 5650), depth: 24, stencil: 0, acc: 0000, samples: 2/1
display  D   display_settings.c:517  _al_score_display_settings       [   0.04900] Score is : 726
display  D   display_settings.c:202  debug_display_settings           [   0.04902] color: 16 (rgba 5650), depth: 24, stencil: 0, acc: 0000, samples: 3/1
display  D   display_settings.c:517  _al_score_display_settings       [   0.04904] Score is : 721
display  D   display_settings.c:202  debug_display_settings           [   0.04906] color: 16 (rgba 5650), depth: 24, stencil: 0, acc: 0000, samples: 4/1
display  D   display_settings.c:517  _al_score_display_settings       [   0.04909] Score is : 717
display  D   display_settings.c:202  debug_display_settings           [   0.04910] color: 16 (rgba 5650), depth: 24, stencil: 0, acc: 0000, samples: 5/1
display  D   display_settings.c:517  _al_score_display_settings       [   0.04913] Score is : 715
display  D   display_settings.c:202  debug_display_settings           [   0.04915] color: 16 (rgba 5650), depth: 24, stencil: 0, acc: 0000, samples: 6/1
display  D   display_settings.c:517  _al_score_display_settings       [   0.04918] Score is : 714
display  D   display_settings.c:202  debug_display_settings           [   0.04920] color: 16 (rgba 5650), depth: 24, stencil: 0, acc: 0000, samples: 7/1
display  D   display_settings.c:517  _al_score_display_settings       [   0.04922] Score is : 713
display  D   display_settings.c:202  debug_display_settings           [   0.04924] color: 16 (rgba 5650), depth: 24, stencil: 0, acc: 0000, samples: 8/1
display  D   display_settings.c:517  _al_score_display_settings       [   0.04926] Score is : 712
display  D   display_settings.c:202  debug_display_settings           [   0.04928] color: 16 (rgba 5650), depth: 16, stencil: 0, acc: 0000, samples: 0/0
display  D   display_settings.c:517  _al_score_display_settings       [   0.04931] Score is : 897
display  D   display_settings.c:202  debug_display_settings           [   0.04933] color: 16 (rgba 5650), depth: 16, stencil: 0, acc: 0000, samples: 0/0
display  D   display_settings.c:517  _al_score_display_settings       [   0.04935] Score is : 897
display  D   display_settings.c:202  debug_display_settings           [   0.04937] color: 16 (rgba 5650), depth: 16, stencil: 0, acc: 0000, samples: 2/1
display  D   display_settings.c:517  _al_score_display_settings       [   0.04939] Score is : 726
display  D   display_settings.c:202  debug_display_settings           [   0.04941] color: 16 (rgba 5650), depth: 16, stencil: 0, acc: 0000, samples: 3/1
display  D   display_settings.c:517  _al_score_display_settings       [   0.04944] Score is : 721
display  D   display_settings.c:202  debug_display_settings           [   0.04945] color: 16 (rgba 5650), depth: 16, stencil: 0, acc: 0000, samples: 4/1
display  D   display_settings.c:517  _al_score_display_settings       [   0.04948] Score is : 717
display  D   display_settings.c:202  debug_display_settings           [   0.04950] color: 16 (rgba 5650), depth: 16, stencil: 0, acc: 0000, samples: 5/1
display  D   display_settings.c:517  _al_score_display_settings       [   0.04952] Score is : 715
display  D   display_settings.c:202  debug_display_settings           [   0.04954] color: 16 (rgba 5650), depth: 16, stencil: 0, acc: 0000, samples: 6/1
display  D   display_settings.c:517  _al_score_display_settings       [   0.04956] Score is : 714
display  D   display_settings.c:202  debug_display_settings           [   0.04958] color: 16 (rgba 5650), depth: 16, stencil: 0, acc: 0000, samples: 7/1
display  D   display_settings.c:517  _al_score_display_settings       [   0.04961] Score is : 713
display  D   display_settings.c:202  debug_display_settings           [   0.04962] color: 16 (rgba 5650), depth: 16, stencil: 0, acc: 0000, samples: 8/1
display  D   display_settings.c:517  _al_score_display_settings       [   0.04965] Score is : 712
display  D   display_settings.c:202  debug_display_settings           [   0.04967] color: 32 (rgba 8880), depth: 0, stencil: 0, acc: 0000, samples: 0/0
display  D   display_settings.c:388  _al_score_display_settings       [   0.04969] Single Buffer requirement not met.
display  D   display_settings.c:202  debug_display_settings           [   0.04971] color: 32 (rgba 8880), depth: 0, stencil: 0, acc: 0000, samples: 0/0
display  D   display_settings.c:388  _al_score_display_settings       [   0.04974] Single Buffer requirement not met.
display  D   display_settings.c:202  debug_display_settings           [   0.04976] color: 32 (rgba 8880), depth: 0, stencil: 0, acc: 0000, samples: 2/1
display  D   display_settings.c:388  _al_score_display_settings       [   0.04978] Single Buffer requirement not met.
display  D   display_settings.c:202  debug_display_settings           [   0.04980] color: 32 (rgba 8880), depth: 0, stencil: 0, acc: 0000, samples: 3/1
display  D   display_settings.c:388  _al_score_display_settings       [   0.04983] Single Buffer requirement not met.
display  D   display_settings.c:202  debug_display_settings           [   0.04985] color: 32 (rgba 8880), depth: 0, stencil: 0, acc: 0000, samples: 4/1
display  D   display_settings.c:388  _al_score_display_settings       [   0.04988] Single Buffer requirement not met.
display  D   display_settings.c:202  debug_display_settings           [   0.04990] color: 32 (rgba 8880), depth: 0, stencil: 0, acc: 0000, samples: 5/1
display  D   display_settings.c:388  _al_score_display_settings       [   0.04992] Single Buffer requirement not met.
display  D   display_settings.c:202  debug_display_settings           [   0.04994] color: 32 (rgba 8880), depth: 0, stencil: 0, acc: 0000, samples: 6/1
display  D   display_settings.c:388  _al_score_display_settings       [   0.04997] Single Buffer requirement not met.
display  D   display_settings.c:202  debug_display_settings           [   0.04998] color: 32 (rgba 8880), depth: 0, stencil: 0, acc: 0000, samples: 7/1
display  D   display_settings.c:388  _al_score_display_settings       [   0.05001] Single Buffer requirement not met.
display  D   display_settings.c:202  debug_display_settings           [   0.05003] color: 32 (rgba 8880), depth: 0, stencil: 0, acc: 0000, samples: 8/1
display  D   display_settings.c:388  _al_score_display_settings       [   0.05005] Single Buffer requirement not met.
display  D   display_settings.c:202  debug_display_settings           [   0.05007] color: 32 (rgba 8880), depth: 24, stencil: 8, acc: 0000, samples: 0/0
display  D   display_settings.c:388  _al_score_display_settings       [   0.05010] Single Buffer requirement not met.
display  D   display_settings.c:202  debug_display_settings           [   0.05012] color: 32 (rgba 8880), depth: 24, stencil: 8, acc: 0000, samples: 0/0
display  D   display_settings.c:388  _al_score_display_settings       [   0.05014] Single Buffer requirement not met.
display  D   display_settings.c:202  debug_display_settings           [   0.05016] color: 32 (rgba 8880), depth: 24, stencil: 8, acc: 0000, samples: 2/1
display  D   display_settings.c:388  _al_score_display_settings       [   0.05019] Single Buffer requirement not met.
display  D   display_settings.c:202  debug_display_settings           [   0.05021] color: 32 (rgba 8880), depth: 24, stencil: 8, acc: 0000, samples: 3/1
display  D   display_settings.c:388  _al_score_display_settings       [   0.05023] Single Buffer requirement not met.
display  D   display_settings.c:202  debug_display_settings           [   0.05025] color: 32 (rgba 8880), depth: 24, stencil: 8, acc: 0000, samples: 4/1
display  D   display_settings.c:388  _al_score_display_settings       [   0.05028] Single Buffer requirement not met.
display  D   display_settings.c:202  debug_display_settings           [   0.05030] color: 32 (rgba 8880), depth: 24, stencil: 8, acc: 0000, samples: 5/1
display  D   display_settings.c:388  _al_score_display_settings       [   0.05032] Single Buffer requirement not met.
display  D   display_settings.c:202  debug_display_settings           [   0.05034] color: 32 (rgba 8880), depth: 24, stencil: 8, acc: 0000, samples: 6/1
display  D   display_settings.c:388  _al_score_display_settings       [   0.05037] Single Buffer requirement not met.
display  D   display_settings.c:202  debug_display_settings           [   0.05038] color: 32 (rgba 8880), depth: 24, stencil: 8, acc: 0000, samples: 7/1
display  D   display_settings.c:388  _al_score_display_settings       [   0.05041] Single Buffer requirement not met.
display  D   display_settings.c:202  debug_display_settings           [   0.05043] color: 32 (rgba 8880), depth: 24, stencil: 8, acc: 0000, samples: 8/1
display  D   display_settings.c:388  _al_score_display_settings       [   0.05046] Single Buffer requirement not met.
display  D   display_settings.c:202  debug_display_settings           [   0.05048] color: 32 (rgba 8880), depth: 24, stencil: 0, acc: 0000, samples: 0/0
display  D   display_settings.c:388  _al_score_display_settings       [   0.05050] Single Buffer requirement not met.
display  D   display_settings.c:202  debug_display_settings           [   0.05052] color: 32 (rgba 8880), depth: 24, stencil: 0, acc: 0000, samples: 0/0
display  D   display_settings.c:388  _al_score_display_settings       [   0.05055] Single Buffer requirement not met.
display  D   display_settings.c:202  debug_display_settings           [   0.05057] color: 32 (rgba 8880), depth: 24, stencil: 0, acc: 0000, samples: 2/1
display  D   display_settings.c:388  _al_score_display_settings       [   0.05059] Single Buffer requirement not met.
display  D   display_settings.c:202  debug_display_settings           [   0.05061] color: 32 (rgba 8880), depth: 24, stencil: 0, acc: 0000, samples: 3/1
display  D   display_settings.c:388  _al_score_display_settings       [   0.05064] Single Buffer requirement not met.
display  D   display_settings.c:202  debug_display_settings           [   0.05066] color: 32 (rgba 8880), depth: 24, stencil: 0, acc: 0000, samples: 4/1
display  D   display_settings.c:388  _al_score_display_settings       [   0.05068] Single Buffer requirement not met.
display  D   display_settings.c:202  debug_display_settings           [   0.05070] color: 32 (rgba 8880), depth: 24, stencil: 0, acc: 0000, samples: 5/1
display  D   display_settings.c:388  _al_score_display_settings       [   0.05072] Single Buffer requirement not met.
display  D   display_settings.c:202  debug_display_settings           [   0.05074] color: 32 (rgba 8880), depth: 24, stencil: 0, acc: 0000, samples: 6/1
display  D   display_settings.c:388  _al_score_display_settings       [   0.05077] Single Buffer requirement not met.
display  D   display_settings.c:202  debug_display_settings           [   0.05079] color: 32 (rgba 8880), depth: 24, stencil: 0, acc: 0000, samples: 7/1
display  D   display_settings.c:388  _al_score_display_settings       [   0.05081] Single Buffer requirement not met.
display  D   display_settings.c:202  debug_display_settings           [   0.05083] color: 32 (rgba 8880), depth: 24, stencil: 0, acc: 0000, samples: 8/1
display  D   display_settings.c:388  _al_score_display_settings       [   0.05085] Single Buffer requirement not met.
display  D   display_settings.c:202  debug_display_settings           [   0.05087] color: 32 (rgba 8880), depth: 16, stencil: 0, acc: 0000, samples: 0/0
display  D   display_settings.c:388  _al_score_display_settings       [   0.05090] Single Buffer requirement not met.
display  D   display_settings.c:202  debug_display_settings           [   0.05092] color: 32 (rgba 8880), depth: 16, stencil: 0, acc: 0000, samples: 0/0
display  D   display_settings.c:388  _al_score_display_settings       [   0.05094] Single Buffer requirement not met.
display  D   display_settings.c:202  debug_display_settings           [   0.05096] color: 32 (rgba 8880), depth: 16, stencil: 0, acc: 0000, samples: 2/1
display  D   display_settings.c:388  _al_score_display_settings       [   0.05099] Single Buffer requirement not met.
display  D   display_settings.c:202  debug_display_settings           [   0.05101] color: 32 (rgba 8880), depth: 16, stencil: 0, acc: 0000, samples: 3/1
display  D   display_settings.c:388  _al_score_display_settings       [   0.05104] Single Buffer requirement not met.
display  D   display_settings.c:202  debug_display_settings           [   0.05105] color: 32 (rgba 8880), depth: 16, stencil: 0, acc: 0000, samples: 4/1
display  D   display_settings.c:388  _al_score_display_settings       [   0.05108] Single Buffer requirement not met.
display  D   display_settings.c:202  debug_display_settings           [   0.05110] color: 32 (rgba 8880), depth: 16, stencil: 0, acc: 0000, samples: 5/1
display  D   display_settings.c:388  _al_score_display_settings       [   0.05112] Single Buffer requirement not met.
display  D   display_settings.c:202  debug_display_settings           [   0.05114] color: 32 (rgba 8880), depth: 16, stencil: 0, acc: 0000, samples: 6/1
display  D   display_settings.c:388  _al_score_display_settings       [   0.05117] Single Buffer requirement not met.
display  D   display_settings.c:202  debug_display_settings           [   0.05119] color: 32 (rgba 8880), depth: 16, stencil: 0, acc: 0000, samples: 7/1
display  D   display_settings.c:388  _al_score_display_settings       [   0.05122] Single Buffer requirement not met.
display  D   display_settings.c:202  debug_display_settings           [   0.05124] color: 32 (rgba 8880), depth: 16, stencil: 0, acc: 0000, samples: 8/1
display  D   display_settings.c:388  _al_score_display_settings       [   0.05126] Single Buffer requirement not met.
display  D   display_settings.c:202  debug_display_settings           [   0.05128] color: 16 (rgba 5650), depth: 0, stencil: 0, acc: 0000, samples: 0/0
display  D   display_settings.c:388  _al_score_display_settings       [   0.05131] Single Buffer requirement not met.
display  D   display_settings.c:202  debug_display_settings           [   0.05133] color: 16 (rgba 5650), depth: 0, stencil: 0, acc: 0000, samples: 0/0
display  D   display_settings.c:388  _al_score_display_settings       [   0.05135] Single Buffer requirement not met.
display  D   display_settings.c:202  debug_display_settings           [   0.05137] color: 16 (rgba 5650), depth: 0, stencil: 0, acc: 0000, samples: 2/1
display  D   display_settings.c:388  _al_score_display_settings       [   0.05140] Single Buffer requirement not met.
display  D   display_settings.c:202  debug_display_settings           [   0.05141] color: 16 (rgba 5650), depth: 0, stencil: 0, acc: 0000, samples: 3/1
display  D   display_settings.c:388  _al_score_display_settings       [   0.05144] Single Buffer requirement not met.
display  D   display_settings.c:202  debug_display_settings           [   0.05146] color: 16 (rgba 5650), depth: 0, stencil: 0, acc: 0000, samples: 4/1
display  D   display_settings.c:388  _al_score_display_settings       [   0.05148] Single Buffer requirement not met.
display  D   display_settings.c:202  debug_display_settings           [   0.05150] color: 16 (rgba 5650), depth: 0, stencil: 0, acc: 0000, samples: 5/1
display  D   display_settings.c:388  _al_score_display_settings       [   0.05153] Single Buffer requirement not met.
display  D   display_settings.c:202  debug_display_settings           [   0.05155] color: 16 (rgba 5650), depth: 0, stencil: 0, acc: 0000, samples: 6/1
display  D   display_settings.c:388  _al_score_display_settings       [   0.05157] Single Buffer requirement not met.
display  D   display_settings.c:202  debug_display_settings           [   0.05159] color: 16 (rgba 5650), depth: 0, stencil: 0, acc: 0000, samples: 7/1
display  D   display_settings.c:388  _al_score_display_settings       [   0.05162] Single Buffer requirement not met.
display  D   display_settings.c:202  debug_display_settings           [   0.05164] color: 16 (rgba 5650), depth: 0, stencil: 0, acc: 0000, samples: 8/1
display  D   display_settings.c:388  _al_score_display_settings       [   0.05167] Single Buffer requirement not met.
display  D   display_settings.c:202  debug_display_settings           [   0.05169] color: 16 (rgba 5650), depth: 24, stencil: 8, acc: 0000, samples: 0/0
display  D   display_settings.c:388  _al_score_display_settings       [   0.05172] Single Buffer requirement not met.
display  D   display_settings.c:202  debug_display_settings           [   0.05174] color: 16 (rgba 5650), depth: 24, stencil: 8, acc: 0000, samples: 0/0
display  D   display_settings.c:388  _al_score_display_settings       [   0.05176] Single Buffer requirement not met.
display  D   display_settings.c:202  debug_display_settings           [   0.05178] color: 16 (rgba 5650), depth: 24, stencil: 8, acc: 0000, samples: 2/1
display  D   display_settings.c:388  _al_score_display_settings       [   0.05181] Single Buffer requirement not met.
display  D   display_settings.c:202  debug_display_settings           [   0.05183] color: 16 (rgba 5650), depth: 24, stencil: 8, acc: 0000, samples: 3/1
display  D   display_settings.c:388  _al_score_display_settings       [   0.05185] Single Buffer requirement not met.
display  D   display_settings.c:202  debug_display_settings           [   0.05187] color: 16 (rgba 5650), depth: 24, stencil: 8, acc: 0000, samples: 4/1
display  D   display_settings.c:388  _al_score_display_settings       [   0.05195] Single Buffer requirement not met.
display  D   display_settings.c:202  debug_display_settings           [   0.05197] color: 16 (rgba 5650), depth: 24, stencil: 8, acc: 0000, samples: 5/1
display  D   display_settings.c:388  _al_score_display_settings       [   0.05200] Single Buffer requirement not met.
display  D   display_settings.c:202  debug_display_settings           [   0.05202] color: 16 (rgba 5650), depth: 24, stencil: 8, acc: 0000, samples: 6/1
display  D   display_settings.c:388  _al_score_display_settings       [   0.05204] Single Buffer requirement not met.
display  D   display_settings.c:202  debug_display_settings           [   0.05206] color: 16 (rgba 5650), depth: 24, stencil: 8, acc: 0000, samples: 7/1
display  D   display_settings.c:388  _al_score_display_settings       [   0.05209] Single Buffer requirement not met.
display  D   display_settings.c:202  debug_display_settings           [   0.05210] color: 16 (rgba 5650), depth: 24, stencil: 8, acc: 0000, samples: 8/1
display  D   display_settings.c:388  _al_score_display_settings       [   0.05213] Single Buffer requirement not met.
display  D   display_settings.c:202  debug_display_settings           [   0.05215] color: 16 (rgba 5650), depth: 24, stencil: 0, acc: 0000, samples: 0/0
display  D   display_settings.c:388  _al_score_display_settings       [   0.05218] Single Buffer requirement not met.
display  D   display_settings.c:202  debug_display_settings           [   0.05220] color: 16 (rgba 5650), depth: 24, stencil: 0, acc: 0000, samples: 0/0
display  D   display_settings.c:388  _al_score_display_settings       [   0.05222] Single Buffer requirement not met.
display  D   display_settings.c:202  debug_display_settings           [   0.05224] color: 16 (rgba 5650), depth: 24, stencil: 0, acc: 0000, samples: 2/1
display  D   display_settings.c:388  _al_score_display_settings       [   0.05227] Single Buffer requirement not met.
display  D   display_settings.c:202  debug_display_settings           [   0.05229] color: 16 (rgba 5650), depth: 24, stencil: 0, acc: 0000, samples: 3/1
display  D   display_settings.c:388  _al_score_display_settings       [   0.05231] Single Buffer requirement not met.
display  D   display_settings.c:202  debug_display_settings           [   0.05233] color: 16 (rgba 5650), depth: 24, stencil: 0, acc: 0000, samples: 4/1
display  D   display_settings.c:388  _al_score_display_settings       [   0.05236] Single Buffer requirement not met.
display  D   display_settings.c:202  debug_display_settings           [   0.05238] color: 16 (rgba 5650), depth: 24, stencil: 0, acc: 0000, samples: 5/1
display  D   display_settings.c:388  _al_score_display_settings       [   0.05240] Single Buffer requirement not met.
display  D   display_settings.c:202  debug_display_settings           [   0.05242] color: 16 (rgba 5650), depth: 24, stencil: 0, acc: 0000, samples: 6/1
display  D   display_settings.c:388  _al_score_display_settings       [   0.05245] Single Buffer requirement not met.
display  D   display_settings.c:202  debug_display_settings           [   0.05247] color: 16 (rgba 5650), depth: 24, stencil: 0, acc: 0000, samples: 7/1
display  D   display_settings.c:388  _al_score_display_settings       [   0.05249] Single Buffer requirement not met.
display  D   display_settings.c:202  debug_display_settings           [   0.05251] color: 16 (rgba 5650), depth: 24, stencil: 0, acc: 0000, samples: 8/1
display  D   display_settings.c:388  _al_score_display_settings       [   0.05254] Single Buffer requirement not met.
display  D   display_settings.c:202  debug_display_settings           [   0.05256] color: 16 (rgba 5650), depth: 16, stencil: 0, acc: 0000, samples: 0/0
display  D   display_settings.c:388  _al_score_display_settings       [   0.05258] Single Buffer requirement not met.
display  D   display_settings.c:202  debug_display_settings           [   0.05260] color: 16 (rgba 5650), depth: 16, stencil: 0, acc: 0000, samples: 0/0
display  D   display_settings.c:388  _al_score_display_settings       [   0.05263] Single Buffer requirement not met.
display  D   display_settings.c:202  debug_display_settings           [   0.05265] color: 16 (rgba 5650), depth: 16, stencil: 0, acc: 0000, samples: 2/1
display  D   display_settings.c:388  _al_score_display_settings       [   0.05267] Single Buffer requirement not met.
display  D   display_settings.c:202  debug_display_settings           [   0.05269] color: 16 (rgba 5650), depth: 16, stencil: 0, acc: 0000, samples: 3/1
display  D   display_settings.c:388  _al_score_display_settings       [   0.05272] Single Buffer requirement not met.
display  D   display_settings.c:202  debug_display_settings           [   0.05274] color: 16 (rgba 5650), depth: 16, stencil: 0, acc: 0000, samples: 4/1
display  D   display_settings.c:388  _al_score_display_settings       [   0.05276] Single Buffer requirement not met.
display  D   display_settings.c:202  debug_display_settings           [   0.05278] color: 16 (rgba 5650), depth: 16, stencil: 0, acc: 0000, samples: 5/1
display  D   display_settings.c:388  _al_score_display_settings       [   0.05281] Single Buffer requirement not met.
display  D   display_settings.c:202  debug_display_settings           [   0.05283] color: 16 (rgba 5650), depth: 16, stencil: 0, acc: 0000, samples: 6/1
display  D   display_settings.c:388  _al_score_display_settings       [   0.05285] Single Buffer requirement not met.
display  D   display_settings.c:202  debug_display_settings           [   0.05287] color: 16 (rgba 5650), depth: 16, stencil: 0, acc: 0000, samples: 7/1
display  D   display_settings.c:388  _al_score_display_settings       [   0.05290] Single Buffer requirement not met.
display  D   display_settings.c:202  debug_display_settings           [   0.05291] color: 16 (rgba 5650), depth: 16, stencil: 0, acc: 0000, samples: 8/1
display  D   display_settings.c:388  _al_score_display_settings       [   0.05294] Single Buffer requirement not met.
display  D   display_settings.c:202  debug_display_settings           [   0.05296] color: 32 (rgba 8880), depth: 0, stencil: 0, acc: 0000, samples: 0/0
display  D   display_settings.c:517  _al_score_display_settings       [   0.05298] Score is : 769
display  D   display_settings.c:202  debug_display_settings           [   0.05300] color: 32 (rgba 8880), depth: 0, stencil: 0, acc: 0000, samples: 0/0
display  D   display_settings.c:517  _al_score_display_settings       [   0.05303] Score is : 769
display  D   display_settings.c:202  debug_display_settings           [   0.05305] color: 32 (rgba 8880), depth: 0, stencil: 0, acc: 0000, samples: 2/1
display  D   display_settings.c:517  _al_score_display_settings       [   0.05307] Score is : 598
display  D   display_settings.c:202  debug_display_settings           [   0.05309] color: 32 (rgba 8880), depth: 0, stencil: 0, acc: 0000, samples: 3/1
display  D   display_settings.c:517  _al_score_display_settings       [   0.05312] Score is : 593
display  D   display_settings.c:202  debug_display_settings           [   0.05313] color: 32 (rgba 8880), depth: 0, stencil: 0, acc: 0000, samples: 4/1
display  D   display_settings.c:517  _al_score_display_settings       [   0.05316] Score is : 589
display  D   display_settings.c:202  debug_display_settings           [   0.05318] color: 32 (rgba 8880), depth: 0, stencil: 0, acc: 0000, samples: 5/1
display  D   display_settings.c:517  _al_score_display_settings       [   0.05321] Score is : 587
display  D   display_settings.c:202  debug_display_settings           [   0.05322] color: 32 (rgba 8880), depth: 0, stencil: 0, acc: 0000, samples: 6/1
display  D   display_settings.c:517  _al_score_display_settings       [   0.05325] Score is : 586
display  D   display_settings.c:202  debug_display_settings           [   0.05327] color: 32 (rgba 8880), depth: 0, stencil: 0, acc: 0000, samples: 7/1
display  D   display_settings.c:517  _al_score_display_settings       [   0.05329] Score is : 585
display  D   display_settings.c:202  debug_display_settings           [   0.05331] color: 32 (rgba 8880), depth: 0, stencil: 0, acc: 0000, samples: 8/1
display  D   display_settings.c:517  _al_score_display_settings       [   0.05334] Score is : 584
display  D   display_settings.c:202  debug_display_settings           [   0.05335] color: 32 (rgba 8880), depth: 24, stencil: 8, acc: 0000, samples: 0/0
display  D   display_settings.c:517  _al_score_display_settings       [   0.05338] Score is : 769
display  D   display_settings.c:202  debug_display_settings           [   0.05340] color: 32 (rgba 8880), depth: 24, stencil: 8, acc: 0000, samples: 0/0
display  D   display_settings.c:517  _al_score_display_settings       [   0.05342] Score is : 769
display  D   display_settings.c:202  debug_display_settings           [   0.05344] color: 32 (rgba 8880), depth: 24, stencil: 8, acc: 0000, samples: 2/1
display  D   display_settings.c:517  _al_score_display_settings       [   0.05346] Score is : 598
display  D   display_settings.c:202  debug_display_settings           [   0.05348] color: 32 (rgba 8880), depth: 24, stencil: 8, acc: 0000, samples: 3/1
display  D   display_settings.c:517  _al_score_display_settings       [   0.05351] Score is : 593
display  D   display_settings.c:202  debug_display_settings           [   0.05352] color: 32 (rgba 8880), depth: 24, stencil: 8, acc: 0000, samples: 4/1
display  D   display_settings.c:517  _al_score_display_settings       [   0.05355] Score is : 589
display  D   display_settings.c:202  debug_display_settings           [   0.05357] color: 32 (rgba 8880), depth: 24, stencil: 8, acc: 0000, samples: 5/1
display  D   display_settings.c:517  _al_score_display_settings       [   0.05359] Score is : 587
display  D   display_settings.c:202  debug_display_settings           [   0.05361] color: 32 (rgba 8880), depth: 24, stencil: 8, acc: 0000, samples: 6/1
display  D   display_settings.c:517  _al_score_display_settings       [   0.05364] Score is : 586
display  D   display_settings.c:202  debug_display_settings           [   0.05365] color: 32 (rgba 8880), depth: 24, stencil: 8, acc: 0000, samples: 7/1
display  D   display_settings.c:517  _al_score_display_settings       [   0.05368] Score is : 585
display  D   display_settings.c:202  debug_display_settings           [   0.05370] color: 32 (rgba 8880), depth: 24, stencil: 8, acc: 0000, samples: 8/1
display  D   display_settings.c:517  _al_score_display_settings       [   0.05373] Score is : 584
display  D   display_settings.c:202  debug_display_settings           [   0.05375] color: 32 (rgba 8880), depth: 24, stencil: 0, acc: 0000, samples: 0/0
display  D   display_settings.c:517  _al_score_display_settings       [   0.05377] Score is : 769
display  D   display_settings.c:202  debug_display_settings           [   0.05379] color: 32 (rgba 8880), depth: 24, stencil: 0, acc: 0000, samples: 0/0
display  D   display_settings.c:517  _al_score_display_settings       [   0.05382] Score is : 769
display  D   display_settings.c:202  debug_display_settings           [   0.05384] color: 32 (rgba 8880), depth: 24, stencil: 0, acc: 0000, samples: 2/1
display  D   display_settings.c:517  _al_score_display_settings       [   0.05386] Score is : 598
display  D   display_settings.c:202  debug_display_settings           [   0.05388] color: 32 (rgba 8880), depth: 24, stencil: 0, acc: 0000, samples: 3/1
display  D   display_settings.c:517  _al_score_display_settings       [   0.05390] Score is : 593
display  D   display_settings.c:202  debug_display_settings           [   0.05392] color: 32 (rgba 8880), depth: 24, stencil: 0, acc: 0000, samples: 4/1
display  D   display_settings.c:517  _al_score_display_settings       [   0.05395] Score is : 589
display  D   display_settings.c:202  debug_display_settings           [   0.05396] color: 32 (rgba 8880), depth: 24, stencil: 0, acc: 0000, samples: 5/1
display  D   display_settings.c:517  _al_score_display_settings       [   0.05399] Score is : 587
display  D   display_settings.c:202  debug_display_settings           [   0.05401] color: 32 (rgba 8880), depth: 24, stencil: 0, acc: 0000, samples: 6/1
display  D   display_settings.c:517  _al_score_display_settings       [   0.05404] Score is : 586
display  D   display_settings.c:202  debug_display_settings           [   0.05405] color: 32 (rgba 8880), depth: 24, stencil: 0, acc: 0000, samples: 7/1
display  D   display_settings.c:517  _al_score_display_settings       [   0.05408] Score is : 585
display  D   display_settings.c:202  debug_display_settings           [   0.05410] color: 32 (rgba 8880), depth: 24, stencil: 0, acc: 0000, samples: 8/1
display  D   display_settings.c:517  _al_score_display_settings       [   0.05412] Score is : 584
display  D   display_settings.c:202  debug_display_settings           [   0.05414] color: 32 (rgba 8880), depth: 16, stencil: 0, acc: 0000, samples: 0/0
display  D   display_settings.c:517  _al_score_display_settings       [   0.05416] Score is : 769
display  D   display_settings.c:202  debug_display_settings           [   0.05418] color: 32 (rgba 8880), depth: 16, stencil: 0, acc: 0000, samples: 0/0
display  D   display_settings.c:517  _al_score_display_settings       [   0.05421] Score is : 769
display  D   display_settings.c:202  debug_display_settings           [   0.05423] color: 32 (rgba 8880), depth: 16, stencil: 0, acc: 0000, samples: 2/1
display  D   display_settings.c:517  _al_score_display_settings       [   0.05425] Score is : 598
display  D   display_settings.c:202  debug_display_settings           [   0.05427] color: 32 (rgba 8880), depth: 16, stencil: 0, acc: 0000, samples: 3/1
display  D   display_settings.c:517  _al_score_display_settings       [   0.05430] Score is : 593
display  D   display_settings.c:202  debug_display_settings           [   0.05432] color: 32 (rgba 8880), depth: 16, stencil: 0, acc: 0000, samples: 4/1
display  D   display_settings.c:517  _al_score_display_settings       [   0.05434] Score is : 589
display  D   display_settings.c:202  debug_display_settings           [   0.05436] color: 32 (rgba 8880), depth: 16, stencil: 0, acc: 0000, samples: 5/1
display  D   display_settings.c:517  _al_score_display_settings       [   0.05439] Score is : 587
display  D   display_settings.c:202  debug_display_settings           [   0.05440] color: 32 (rgba 8880), depth: 16, stencil: 0, acc: 0000, samples: 6/1
display  D   display_settings.c:517  _al_score_display_settings       [   0.05443] Score is : 586
display  D   display_settings.c:202  debug_display_settings           [   0.05445] color: 32 (rgba 8880), depth: 16, stencil: 0, acc: 0000, samples: 7/1
display  D   display_settings.c:517  _al_score_display_settings       [   0.05447] Score is : 585
display  D   display_settings.c:202  debug_display_settings           [   0.05449] color: 32 (rgba 8880), depth: 16, stencil: 0, acc: 0000, samples: 8/1
display  D   display_settings.c:517  _al_score_display_settings       [   0.05452] Score is : 584
display  D   display_settings.c:202  debug_display_settings           [   0.05453] color: 16 (rgba 5650), depth: 0, stencil: 0, acc: 0000, samples: 0/0
display  D   display_settings.c:517  _al_score_display_settings       [   0.05456] Score is : 769
display  D   display_settings.c:202  debug_display_settings           [   0.05458] color: 16 (rgba 5650), depth: 0, stencil: 0, acc: 0000, samples: 0/0
display  D   display_settings.c:517  _al_score_display_settings       [   0.05460] Score is : 769
display  D   display_settings.c:202  debug_display_settings           [   0.05462] color: 16 (rgba 5650), depth: 0, stencil: 0, acc: 0000, samples: 2/1
display  D   display_settings.c:517  _al_score_display_settings       [   0.05464] Score is : 598
display  D   display_settings.c:202  debug_display_settings           [   0.05466] color: 16 (rgba 5650), depth: 0, stencil: 0, acc: 0000, samples: 3/1
display  D   display_settings.c:517  _al_score_display_settings       [   0.05469] Score is : 593
display  D   display_settings.c:202  debug_display_settings           [   0.05471] color: 16 (rgba 5650), depth: 0, stencil: 0, acc: 0000, samples: 4/1
display  D   display_settings.c:517  _al_score_display_settings       [   0.05474] Score is : 589
display  D   display_settings.c:202  debug_display_settings           [   0.05476] color: 16 (rgba 5650), depth: 0, stencil: 0, acc: 0000, samples: 5/1
display  D   display_settings.c:517  _al_score_display_settings       [   0.05478] Score is : 587
display  D   display_settings.c:202  debug_display_settings           [   0.05480] color: 16 (rgba 5650), depth: 0, stencil: 0, acc: 0000, samples: 6/1
display  D   display_settings.c:517  _al_score_display_settings       [   0.05482] Score is : 586
display  D   display_settings.c:202  debug_display_settings           [   0.05484] color: 16 (rgba 5650), depth: 0, stencil: 0, acc: 0000, samples: 7/1
display  D   display_settings.c:517  _al_score_display_settings       [   0.05487] Score is : 585
display  D   display_settings.c:202  debug_display_settings           [   0.05488] color: 16 (rgba 5650), depth: 0, stencil: 0, acc: 0000, samples: 8/1
display  D   display_settings.c:517  _al_score_display_settings       [   0.05491] Score is : 584
display  D   display_settings.c:202  debug_display_settings           [   0.05493] color: 16 (rgba 5650), depth: 24, stencil: 8, acc: 0000, samples: 0/0
display  D   display_settings.c:517  _al_score_display_settings       [   0.05495] Score is : 769
display  D   display_settings.c:202  debug_display_settings           [   0.05497] color: 16 (rgba 5650), depth: 24, stencil: 8, acc: 0000, samples: 0/0
display  D   display_settings.c:517  _al_score_display_settings       [   0.05500] Score is : 769
display  D   display_settings.c:202  debug_display_settings           [   0.05501] color: 16 (rgba 5650), depth: 24, stencil: 8, acc: 0000, samples: 2/1
display  D   display_settings.c:517  _al_score_display_settings       [   0.05504] Score is : 598
display  D   display_settings.c:202  debug_display_settings           [   0.05506] color: 16 (rgba 5650), depth: 24, stencil: 8, acc: 0000, samples: 3/1
display  D   display_settings.c:517  _al_score_display_settings       [   0.05508] Score is : 593
display  D   display_settings.c:202  debug_display_settings           [   0.05510] color: 16 (rgba 5650), depth: 24, stencil: 8, acc: 0000, samples: 4/1
display  D   display_settings.c:517  _al_score_display_settings       [   0.05513] Score is : 589
display  D   display_settings.c:202  debug_display_settings           [   0.05514] color: 16 (rgba 5650), depth: 24, stencil: 8, acc: 0000, samples: 5/1
display  D   display_settings.c:517  _al_score_display_settings       [   0.05517] Score is : 587
display  D   display_settings.c:202  debug_display_settings           [   0.05519] color: 16 (rgba 5650), depth: 24, stencil: 8, acc: 0000, samples: 6/1
display  D   display_settings.c:517  _al_score_display_settings       [   0.05521] Score is : 586
display  D   display_settings.c:202  debug_display_settings           [   0.05523] color: 16 (rgba 5650), depth: 24, stencil: 8, acc: 0000, samples: 7/1
display  D   display_settings.c:517  _al_score_display_settings       [   0.05526] Score is : 585
display  D   display_settings.c:202  debug_display_settings           [   0.05527] color: 16 (rgba 5650), depth: 24, stencil: 8, acc: 0000, samples: 8/1
display  D   display_settings.c:517  _al_score_display_settings       [   0.05530] Score is : 584
display  D   display_settings.c:202  debug_display_settings           [   0.05532] color: 16 (rgba 5650), depth: 24, stencil: 0, acc: 0000, samples: 0/0
display  D   display_settings.c:517  _al_score_display_settings       [   0.05534] Score is : 769
display  D   display_settings.c:202  debug_display_settings           [   0.05536] color: 16 (rgba 5650), depth: 24, stencil: 0, acc: 0000, samples: 0/0
display  D   display_settings.c:517  _al_score_display_settings       [   0.05539] Score is : 769
display  D   display_settings.c:202  debug_display_settings           [   0.05540] color: 16 (rgba 5650), depth: 24, stencil: 0, acc: 0000, samples: 2/1
display  D   display_settings.c:517  _al_score_display_settings       [   0.05543] Score is : 598
display  D   display_settings.c:202  debug_display_settings           [   0.05545] color: 16 (rgba 5650), depth: 24, stencil: 0, acc: 0000, samples: 3/1
display  D   display_settings.c:517  _al_score_display_settings       [   0.05548] Score is : 593
display  D   display_settings.c:202  debug_display_settings           [   0.05549] color: 16 (rgba 5650), depth: 24, stencil: 0, acc: 0000, samples: 4/1
display  D   display_settings.c:517  _al_score_display_settings       [   0.05552] Score is : 589
display  D   display_settings.c:202  debug_display_settings           [   0.05554] color: 16 (rgba 5650), depth: 24, stencil: 0, acc: 0000, samples: 5/1
display  D   display_settings.c:517  _al_score_display_settings       [   0.05556] Score is : 587
display  D   display_settings.c:202  debug_display_settings           [   0.05558] color: 16 (rgba 5650), depth: 24, stencil: 0, acc: 0000, samples: 6/1
display  D   display_settings.c:517  _al_score_display_settings       [   0.05561] Score is : 586
display  D   display_settings.c:202  debug_display_settings           [   0.05563] color: 16 (rgba 5650), depth: 24, stencil: 0, acc: 0000, samples: 7/1
display  D   display_settings.c:517  _al_score_display_settings       [   0.05565] Score is : 585
display  D   display_settings.c:202  debug_display_settings           [   0.05567] color: 16 (rgba 5650), depth: 24, stencil: 0, acc: 0000, samples: 8/1
display  D   display_settings.c:517  _al_score_display_settings       [   0.05570] Score is : 584
display  D   display_settings.c:202  debug_display_settings           [   0.05571] color: 16 (rgba 5650), depth: 16, stencil: 0, acc: 0000, samples: 0/0
display  D   display_settings.c:517  _al_score_display_settings       [   0.05574] Score is : 769
display  D   display_settings.c:202  debug_display_settings           [   0.05576] color: 16 (rgba 5650), depth: 16, stencil: 0, acc: 0000, samples: 0/0
display  D   display_settings.c:517  _al_score_display_settings       [   0.05578] Score is : 769
display  D   display_settings.c:202  debug_display_settings           [   0.05580] color: 16 (rgba 5650), depth: 16, stencil: 0, acc: 0000, samples: 2/1
display  D   display_settings.c:517  _al_score_display_settings       [   0.05583] Score is : 598
display  D   display_settings.c:202  debug_display_settings           [   0.05584] color: 16 (rgba 5650), depth: 16, stencil: 0, acc: 0000, samples: 3/1
display  D   display_settings.c:517  _al_score_display_settings       [   0.05587] Score is : 593
display  D   display_settings.c:202  debug_display_settings           [   0.05589] color: 16 (rgba 5650), depth: 16, stencil: 0, acc: 0000, samples: 4/1
display  D   display_settings.c:517  _al_score_display_settings       [   0.05591] Score is : 589
display  D   display_settings.c:202  debug_display_settings           [   0.05593] color: 16 (rgba 5650), depth: 16, stencil: 0, acc: 0000, samples: 5/1
display  D   display_settings.c:517  _al_score_display_settings       [   0.05596] Score is : 587
display  D   display_settings.c:202  debug_display_settings           [   0.05597] color: 16 (rgba 5650), depth: 16, stencil: 0, acc: 0000, samples: 6/1
display  D   display_settings.c:517  _al_score_display_settings       [   0.05600] Score is : 586
display  D   display_settings.c:202  debug_display_settings           [   0.05602] color: 16 (rgba 5650), depth: 16, stencil: 0, acc: 0000, samples: 7/1
display  D   display_settings.c:517  _al_score_display_settings       [   0.05604] Score is : 585
display  D   display_settings.c:202  debug_display_settings           [   0.05606] color: 16 (rgba 5650), depth: 16, stencil: 0, acc: 0000, samples: 8/1
display  D   display_settings.c:517  _al_score_display_settings       [   0.05608] Score is : 584
display  D   display_settings.c:202  debug_display_settings           [   0.05610] color: 32 (rgba 8880), depth: 0, stencil: 0, acc: 0000, samples: 0/0
display  D   display_settings.c:388  _al_score_display_settings       [   0.05613] Single Buffer requirement not met.
display  D   display_settings.c:202  debug_display_settings           [   0.05615] color: 32 (rgba 8880), depth: 0, stencil: 0, acc: 0000, samples: 0/0
display  D   display_settings.c:388  _al_score_display_settings       [   0.05618] Single Buffer requirement not met.
display  D   display_settings.c:202  debug_display_settings           [   0.05620] color: 32 (rgba 8880), depth: 0, stencil: 0, acc: 0000, samples: 2/1
display  D   display_settings.c:388  _al_score_display_settings       [   0.05622] Single Buffer requirement not met.
display  D   display_settings.c:202  debug_display_settings           [   0.05624] color: 32 (rgba 8880), depth: 0, stencil: 0, acc: 0000, samples: 3/1
display  D   display_settings.c:388  _al_score_display_settings       [   0.05626] Single Buffer requirement not met.
display  D   display_settings.c:202  debug_display_settings           [   0.05628] color: 32 (rgba 8880), depth: 0, stencil: 0, acc: 0000, samples: 4/1
display  D   display_settings.c:388  _al_score_display_settings       [   0.05631] Single Buffer requirement not met.
display  D   display_settings.c:202  debug_display_settings           [   0.05633] color: 32 (rgba 8880), depth: 0, stencil: 0, acc: 0000, samples: 5/1
display  D   display_settings.c:388  _al_score_display_settings       [   0.05635] Single Buffer requirement not met.
display  D   display_settings.c:202  debug_display_settings           [   0.05637] color: 32 (rgba 8880), depth: 0, stencil: 0, acc: 0000, samples: 6/1
display  D   display_settings.c:388  _al_score_display_settings       [   0.05640] Single Buffer requirement not met.
display  D   display_settings.c:202  debug_display_settings           [   0.05642] color: 32 (rgba 8880), depth: 0, stencil: 0, acc: 0000, samples: 7/1
display  D   display_settings.c:388  _al_score_display_settings       [   0.05644] Single Buffer requirement not met.
display  D   display_settings.c:202  debug_display_settings           [   0.05646] color: 32 (rgba 8880), depth: 0, stencil: 0, acc: 0000, samples: 8/1
display  D   display_settings.c:388  _al_score_display_settings       [   0.05649] Single Buffer requirement not met.
display  D   display_settings.c:202  debug_display_settings           [   0.05651] color: 32 (rgba 8880), depth: 24, stencil: 8, acc: 0000, samples: 0/0
display  D   display_settings.c:388  _al_score_display_settings       [   0.05653] Single Buffer requirement not met.
display  D   display_settings.c:202  debug_display_settings           [   0.05655] color: 32 (rgba 8880), depth: 24, stencil: 8, acc: 0000, samples: 0/0
display  D   display_settings.c:388  _al_score_display_settings       [   0.05658] Single Buffer requirement not met.
display  D   display_settings.c:202  debug_display_settings           [   0.05659] color: 32 (rgba 8880), depth: 24, stencil: 8, acc: 0000, samples: 2/1
display  D   display_settings.c:388  _al_score_display_settings       [   0.05662] Single Buffer requirement not met.
display  D   display_settings.c:202  debug_display_settings           [   0.05664] color: 32 (rgba 8880), depth: 24, stencil: 8, acc: 0000, samples: 3/1
display  D   display_settings.c:388  _al_score_display_settings       [   0.05666] Single Buffer requirement not met.
display  D   display_settings.c:202  debug_display_settings           [   0.05668] color: 32 (rgba 8880), depth: 24, stencil: 8, acc: 0000, samples: 4/1
display  D   display_settings.c:388  _al_score_display_settings       [   0.05671] Single Buffer requirement not met.
display  D   display_settings.c:202  debug_display_settings           [   0.05673] color: 32 (rgba 8880), depth: 24, stencil: 8, acc: 0000, samples: 5/1
display  D   display_settings.c:388  _al_score_display_settings       [   0.05675] Single Buffer requirement not met.
display  D   display_settings.c:202  debug_display_settings           [   0.05677] color: 32 (rgba 8880), depth: 24, stencil: 8, acc: 0000, samples: 6/1
display  D   display_settings.c:388  _al_score_display_settings       [   0.05680] Single Buffer requirement not met.
display  D   display_settings.c:202  debug_display_settings           [   0.05682] color: 32 (rgba 8880), depth: 24, stencil: 8, acc: 0000, samples: 7/1
display  D   display_settings.c:388  _al_score_display_settings       [   0.05685] Single Buffer requirement not met.
display  D   display_settings.c:202  debug_display_settings           [   0.05686] color: 32 (rgba 8880), depth: 24, stencil: 8, acc: 0000, samples: 8/1
display  D   display_settings.c:388  _al_score_display_settings       [   0.05689] Single Buffer requirement not met.
display  D   display_settings.c:202  debug_display_settings           [   0.05691] color: 32 (rgba 8880), depth: 24, stencil: 0, acc: 0000, samples: 0/0
display  D   display_settings.c:388  _al_score_display_settings       [   0.05693] Single Buffer requirement not met.
display  D   display_settings.c:202  debug_display_settings           [   0.05695] color: 32 (rgba 8880), depth: 24, stencil: 0, acc: 0000, samples: 0/0
display  D   display_settings.c:388  _al_score_display_settings       [   0.05698] Single Buffer requirement not met.
display  D   display_settings.c:202  debug_display_settings           [   0.05700] color: 32 (rgba 8880), depth: 24, stencil: 0, acc: 0000, samples: 2/1
display  D   display_settings.c:388  _al_score_display_settings       [   0.05702] Single Buffer requirement not met.
display  D   display_settings.c:202  debug_display_settings           [   0.05704] color: 32 (rgba 8880), depth: 24, stencil: 0, acc: 0000, samples: 3/1
display  D   display_settings.c:388  _al_score_display_settings       [   0.05707] Single Buffer requirement not met.
display  D   display_settings.c:202  debug_display_settings           [   0.05709] color: 32 (rgba 8880), depth: 24, stencil: 0, acc: 0000, samples: 4/1
display  D   display_settings.c:388  _al_score_display_settings       [   0.05711] Single Buffer requirement not met.
display  D   display_settings.c:202  debug_display_settings           [   0.05713] color: 32 (rgba 8880), depth: 24, stencil: 0, acc: 0000, samples: 5/1
display  D   display_settings.c:388  _al_score_display_settings       [   0.05716] Single Buffer requirement not met.
display  D   display_settings.c:202  debug_display_settings           [   0.05718] color: 32 (rgba 8880), depth: 24, stencil: 0, acc: 0000, samples: 6/1
display  D   display_settings.c:388  _al_score_display_settings       [   0.05720] Single Buffer requirement not met.
display  D   display_settings.c:202  debug_display_settings           [   0.05722] color: 32 (rgba 8880), depth: 24, stencil: 0, acc: 0000, samples: 7/1
display  D   display_settings.c:388  _al_score_display_settings       [   0.05725] Single Buffer requirement not met.
display  D   display_settings.c:202  debug_display_settings           [   0.05727] color: 32 (rgba 8880), depth: 24, stencil: 0, acc: 0000, samples: 8/1
display  D   display_settings.c:388  _al_score_display_settings       [   0.05729] Single Buffer requirement not met.
display  D   display_settings.c:202  debug_display_settings           [   0.05731] color: 32 (rgba 8880), depth: 16, stencil: 0, acc: 0000, samples: 0/0
display  D   display_settings.c:388  _al_score_display_settings       [   0.05733] Single Buffer requirement not met.
display  D   display_settings.c:202  debug_display_settings           [   0.05735] color: 32 (rgba 8880), depth: 16, stencil: 0, acc: 0000, samples: 0/0
display  D   display_settings.c:388  _al_score_display_settings       [   0.05738] Single Buffer requirement not met.
display  D   display_settings.c:202  debug_display_settings           [   0.05740] color: 32 (rgba 8880), depth: 16, stencil: 0, acc: 0000, samples: 2/1
display  D   display_settings.c:388  _al_score_display_settings       [   0.05742] Single Buffer requirement not met.
display  D   display_settings.c:202  debug_display_settings           [   0.05744] color: 32 (rgba 8880), depth: 16, stencil: 0, acc: 0000, samples: 3/1
display  D   display_settings.c:388  _al_score_display_settings       [   0.05752] Single Buffer requirement not met.
display  D   display_settings.c:202  debug_display_settings           [   0.05755] color: 32 (rgba 8880), depth: 16, stencil: 0, acc: 0000, samples: 4/1
display  D   display_settings.c:388  _al_score_display_settings       [   0.05757] Single Buffer requirement not met.
display  D   display_settings.c:202  debug_display_settings           [   0.05759] color: 32 (rgba 8880), depth: 16, stencil: 0, acc: 0000, samples: 5/1
display  D   display_settings.c:388  _al_score_display_settings       [   0.05762] Single Buffer requirement not met.
display  D   display_settings.c:202  debug_display_settings           [   0.05764] color: 32 (rgba 8880), depth: 16, stencil: 0, acc: 0000, samples: 6/1
display  D   display_settings.c:388  _al_score_display_settings       [   0.05766] Single Buffer requirement not met.
display  D   display_settings.c:202  debug_display_settings           [   0.05768] color: 32 (rgba 8880), depth: 16, stencil: 0, acc: 0000, samples: 7/1
display  D   display_settings.c:388  _al_score_display_settings       [   0.05771] Single Buffer requirement not met.
display  D   display_settings.c:202  debug_display_settings           [   0.05773] color: 32 (rgba 8880), depth: 16, stencil: 0, acc: 0000, samples: 8/1
display  D   display_settings.c:388  _al_score_display_settings       [   0.05775] Single Buffer requirement not met.
display  D   display_settings.c:202  debug_display_settings           [   0.05777] color: 16 (rgba 5650), depth: 0, stencil: 0, acc: 0000, samples: 0/0
display  D   display_settings.c:388  _al_score_display_settings       [   0.05780] Single Buffer requirement not met.
display  D   display_settings.c:202  debug_display_settings           [   0.05782] color: 16 (rgba 5650), depth: 0, stencil: 0, acc: 0000, samples: 0/0
display  D   display_settings.c:388  _al_score_display_settings       [   0.05784] Single Buffer requirement not met.
display  D   display_settings.c:202  debug_display_settings           [   0.05786] color: 16 (rgba 5650), depth: 0, stencil: 0, acc: 0000, samples: 2/1
display  D   display_settings.c:388  _al_score_display_settings       [   0.05789] Single Buffer requirement not met.
display  D   display_settings.c:202  debug_display_settings           [   0.05791] color: 16 (rgba 5650), depth: 0, stencil: 0, acc: 0000, samples: 3/1
display  D   display_settings.c:388  _al_score_display_settings       [   0.05794] Single Buffer requirement not met.
display  D   display_settings.c:202  debug_display_settings           [   0.05796] color: 16 (rgba 5650), depth: 0, stencil: 0, acc: 0000, samples: 4/1
display  D   display_settings.c:388  _al_score_display_settings       [   0.05798] Single Buffer requirement not met.
display  D   display_settings.c:202  debug_display_settings           [   0.05800] color: 16 (rgba 5650), depth: 0, stencil: 0, acc: 0000, samples: 5/1
display  D   display_settings.c:388  _al_score_display_settings       [   0.05803] Single Buffer requirement not met.
display  D   display_settings.c:202  debug_display_settings           [   0.05805] color: 16 (rgba 5650), depth: 0, stencil: 0, acc: 0000, samples: 6/1
display  D   display_settings.c:388  _al_score_display_settings       [   0.05807] Single Buffer requirement not met.
display  D   display_settings.c:202  debug_display_settings           [   0.05809] color: 16 (rgba 5650), depth: 0, stencil: 0, acc: 0000, samples: 7/1
display  D   display_settings.c:388  _al_score_display_settings       [   0.05812] Single Buffer requirement not met.
display  D   display_settings.c:202  debug_display_settings           [   0.05814] color: 16 (rgba 5650), depth: 0, stencil: 0, acc: 0000, samples: 8/1
display  D   display_settings.c:388  _al_score_display_settings       [   0.05816] Single Buffer requirement not met.
display  D   display_settings.c:202  debug_display_settings           [   0.05818] color: 16 (rgba 5650), depth: 24, stencil: 8, acc: 0000, samples: 0/0
display  D   display_settings.c:388  _al_score_display_settings       [   0.05821] Single Buffer requirement not met.
display  D   display_settings.c:202  debug_display_settings           [   0.05823] color: 16 (rgba 5650), depth: 24, stencil: 8, acc: 0000, samples: 0/0
display  D   display_settings.c:388  _al_score_display_settings       [   0.05825] Single Buffer requirement not met.
display  D   display_settings.c:202  debug_display_settings           [   0.05827] color: 16 (rgba 5650), depth: 24, stencil: 8, acc: 0000, samples: 2/1
display  D   display_settings.c:388  _al_score_display_settings       [   0.05829] Single Buffer requirement not met.
display  D   display_settings.c:202  debug_display_settings           [   0.05831] color: 16 (rgba 5650), depth: 24, stencil: 8, acc: 0000, samples: 3/1
display  D   display_settings.c:388  _al_score_display_settings       [   0.05834] Single Buffer requirement not met.
display  D   display_settings.c:202  debug_display_settings           [   0.05835] color: 16 (rgba 5650), depth: 24, stencil: 8, acc: 0000, samples: 4/1
display  D   display_settings.c:388  _al_score_display_settings       [   0.05838] Single Buffer requirement not met.
display  D   display_settings.c:202  debug_display_settings           [   0.05840] color: 16 (rgba 5650), depth: 24, stencil: 8, acc: 0000, samples: 5/1
display  D   display_settings.c:388  _al_score_display_settings       [   0.05842] Single Buffer requirement not met.
display  D   display_settings.c:202  debug_display_settings           [   0.05844] color: 16 (rgba 5650), depth: 24, stencil: 8, acc: 0000, samples: 6/1
display  D   display_settings.c:388  _al_score_display_settings       [   0.05847] Single Buffer requirement not met.
display  D   display_settings.c:202  debug_display_settings           [   0.05849] color: 16 (rgba 5650), depth: 24, stencil: 8, acc: 0000, samples: 7/1
display  D   display_settings.c:388  _al_score_display_settings       [   0.05851] Single Buffer requirement not met.
display  D   display_settings.c:202  debug_display_settings           [   0.05853] color: 16 (rgba 5650), depth: 24, stencil: 8, acc: 0000, samples: 8/1
display  D   display_settings.c:388  _al_score_display_settings       [   0.05856] Single Buffer requirement not met.
display  D   display_settings.c:202  debug_display_settings           [   0.05857] color: 16 (rgba 5650), depth: 24, stencil: 0, acc: 0000, samples: 0/0
display  D   display_settings.c:388  _al_score_display_settings       [   0.05860] Single Buffer requirement not met.
display  D   display_settings.c:202  debug_display_settings           [   0.05862] color: 16 (rgba 5650), depth: 24, stencil: 0, acc: 0000, samples: 0/0
display  D   display_settings.c:388  _al_score_display_settings       [   0.05865] Single Buffer requirement not met.
display  D   display_settings.c:202  debug_display_settings           [   0.05866] color: 16 (rgba 5650), depth: 24, stencil: 0, acc: 0000, samples: 2/1
display  D   display_settings.c:388  _al_score_display_settings       [   0.05869] Single Buffer requirement not met.
display  D   display_settings.c:202  debug_display_settings           [   0.05871] color: 16 (rgba 5650), depth: 24, stencil: 0, acc: 0000, samples: 3/1
display  D   display_settings.c:388  _al_score_display_settings       [   0.05874] Single Buffer requirement not met.
display  D   display_settings.c:202  debug_display_settings           [   0.05876] color: 16 (rgba 5650), depth: 24, stencil: 0, acc: 0000, samples: 4/1
display  D   display_settings.c:388  _al_score_display_settings       [   0.05878] Single Buffer requirement not met.
display  D   display_settings.c:202  debug_display_settings           [   0.05880] color: 16 (rgba 5650), depth: 24, stencil: 0, acc: 0000, samples: 5/1
display  D   display_settings.c:388  _al_score_display_settings       [   0.05883] Single Buffer requirement not met.
display  D   display_settings.c:202  debug_display_settings           [   0.05884] color: 16 (rgba 5650), depth: 24, stencil: 0, acc: 0000, samples: 6/1
display  D   display_settings.c:388  _al_score_display_settings       [   0.05887] Single Buffer requirement not met.
display  D   display_settings.c:202  debug_display_settings           [   0.05889] color: 16 (rgba 5650), depth: 24, stencil: 0, acc: 0000, samples: 7/1
display  D   display_settings.c:388  _al_score_display_settings       [   0.05892] Single Buffer requirement not met.
display  D   display_settings.c:202  debug_display_settings           [   0.05894] color: 16 (rgba 5650), depth: 24, stencil: 0, acc: 0000, samples: 8/1
display  D   display_settings.c:388  _al_score_display_settings       [   0.05896] Single Buffer requirement not met.
display  D   display_settings.c:202  debug_display_settings           [   0.05898] color: 16 (rgba 5650), depth: 16, stencil: 0, acc: 0000, samples: 0/0
display  D   display_settings.c:388  _al_score_display_settings       [   0.05901] Single Buffer requirement not met.
display  D   display_settings.c:202  debug_display_settings           [   0.05903] color: 16 (rgba 5650), depth: 16, stencil: 0, acc: 0000, samples: 0/0
display  D   display_settings.c:388  _al_score_display_settings       [   0.05905] Single Buffer requirement not met.
display  D   display_settings.c:202  debug_display_settings           [   0.05907] color: 16 (rgba 5650), depth: 16, stencil: 0, acc: 0000, samples: 2/1
display  D   display_settings.c:388  _al_score_display_settings       [   0.05910] Single Buffer requirement not met.
display  D   display_settings.c:202  debug_display_settings           [   0.05911] color: 16 (rgba 5650), depth: 16, stencil: 0, acc: 0000, samples: 3/1
display  D   display_settings.c:388  _al_score_display_settings       [   0.05914] Single Buffer requirement not met.
display  D   display_settings.c:202  debug_display_settings           [   0.05916] color: 16 (rgba 5650), depth: 16, stencil: 0, acc: 0000, samples: 4/1
display  D   display_settings.c:388  _al_score_display_settings       [   0.05919] Single Buffer requirement not met.
display  D   display_settings.c:202  debug_display_settings           [   0.05921] color: 16 (rgba 5650), depth: 16, stencil: 0, acc: 0000, samples: 5/1
display  D   display_settings.c:388  _al_score_display_settings       [   0.05924] Single Buffer requirement not met.
display  D   display_settings.c:202  debug_display_settings           [   0.05926] color: 16 (rgba 5650), depth: 16, stencil: 0, acc: 0000, samples: 6/1
display  D   display_settings.c:388  _al_score_display_settings       [   0.05928] Single Buffer requirement not met.
display  D   display_settings.c:202  debug_display_settings           [   0.05929] color: 16 (rgba 5650), depth: 16, stencil: 0, acc: 0000, samples: 7/1
display  D   display_settings.c:388  _al_score_display_settings       [   0.05931] Single Buffer requirement not met.
display  D   display_settings.c:202  debug_display_settings           [   0.05932] color: 16 (rgba 5650), depth: 16, stencil: 0, acc: 0000, samples: 8/1
display  D   display_settings.c:388  _al_score_display_settings       [   0.05935] Single Buffer requirement not met.
d3d      D         d3d_disp.cpp:1670 d3d_create_display_internals     [   0.05942] Trying format 0.
d3d      I         d3d_disp.cpp:1346 d3d_display_thread_proc          [   0.06014] Chose a display format: 23
d3d      I         d3d_disp.cpp:1415 d3d_display_thread_proc          [   0.06017] Normal window.
d3d      I         d3d_disp.cpp:779  d3d_create_device                [   0.07364] Using no depth stencil buffer
d3d      D         d3d_disp.cpp:837  d3d_create_device                [   0.10607] BeginScene succeeded in create_device
d3d      D         d3d_disp.cpp:845  d3d_create_device                [   0.10611] Success
d3d      D         d3d_disp.cpp:1693 d3d_create_display_internals     [   0.10615] Resumed after wait.
d3d      I         d3d_disp.cpp:1726 d3d_create_display_internals     [   0.10624] Format 0 succeeded.
d3d      D         d3d_disp.cpp:1757 d3d_create_display_internals     [   0.10630] Returning d3d_display: 008766A0
d3d      D         d3d_disp.cpp:1782 d3d_create_display_locked        [   0.10631] al_display=008766A0
d3d      D         d3d_disp.cpp:1783 d3d_create_display_locked        [   0.10633] al_display->vt=008765C0
system   D            wsystem.c:674  maybe_parent_dir                 [   0.10651] Also searching E:\school\EGP-410\GameAI\steering\
system   D            wsystem.c:724  _al_win_safe_load_library        [   0.10664] PathFindOnPath found: C:\Windows\system32\d3dx9_43.dll
system   D            wsystem.c:635  load_library_at_path             [   0.10666] Calling LoadLibrary C:\Windows\system32\d3dx9_43.dll
system   I            wsystem.c:638  load_library_at_path             [   0.13027] Loaded C:\Windows\system32\d3dx9_43.dll
d3dx9    I        d3d_d3dx9.cpp:88   _imp_load_d3dx9_module_version   [   0.13035] Module "d3dx9_43.dll" loaded.
audio-dsound D           dsound.cpp:258  _dsound_open                     [   0.13109] Loading DirectSound module
system   D            wsystem.c:674  maybe_parent_dir                 [   0.13123] Also searching E:\school\EGP-410\GameAI\steering\
system   D            wsystem.c:724  _al_win_safe_load_library        [   0.13141] PathFindOnPath found: C:\Windows\system32\dsound.dll
system   D            wsystem.c:635  load_library_at_path             [   0.13145] Calling LoadLibrary C:\Windows\system32\dsound.dll
system   I            wsystem.c:638  load_library_at_path             [   0.13491] Loaded C:\Windows\system32\dsound.dll
audio-dsound I           dsound.cpp:275  _dsound_open                     [   0.13497] Starting DirectSound...
audio-dsound D           dsound.cpp:285  _dsound_open                     [   0.16581] DirectSoundCreate8 succeeded
audio    I              audio.c:347  do_install_audio                 [   0.16769] Using DirectSound driver
audio-dsound D           dsound.cpp:320  _dsound_allocate_voice           [   0.16780] Allocating voice
audio-dsound D           dsound.cpp:379  _dsound_allocate_voice           [   0.16784] Allocated voice
dtor     D               dtor.c:184  _al_register_destructor          [   0.16787] added dtor for object 05E8A170, func 00D12563
dtor     D               dtor.c:184  _al_register_destructor          [   0.16791] added dtor for object 05E93F70, func 00D12A31
audio-dsound D           dsound.cpp:476  _dsound_start_voice              [   0.16795] Starting voice
audio-dsound D           dsound.cpp:504  _dsound_start_voice              [   0.16797] CreateSoundBuffer
audio-dsound D           dsound.cpp:513  _dsound_start_voice              [   0.16897] CreateSoundBuffer succeeded
audio-dsound D           dsound.cpp:519  _dsound_start_voice              [   0.16899] Starting _dsound_update thread
audio-dsound I           dsound.cpp:529  _dsound_start_voice              [   0.16945] Voice started
dtor     D               dtor.c:184  _al_register_destructor          [   0.16949] added dtor for object 05E8B440, func 00D14AC5
audio    D          kcm_mixer.c:121  _al_rechannel_matrix             [   0.16952] sample matrix:
audio    D          kcm_mixer.c:127  _al_rechannel_matrix             [   0.16953] 
audio    D          kcm_mixer.c:127  _al_rechannel_matrix             [   0.16954] 
font     D                ttf.c:847  al_load_ttf_font_stretch_f       [   0.17018] Font cour.ttf loaded with pixel size 0 x 20.
font     D                ttf.c:849  al_load_ttf_font_stretch_f       [   0.17020]     ascent=17.0, descent=-6.0, height=23.0
dtor     D               dtor.c:184  _al_register_destructor          [   0.17022] added dtor for object 05E9DCF0, func 00D11AA0
wav      I                wav.c:107  wav_open                         [   0.17043] Ignoring chunk: fact
dtor     D               dtor.c:184  _al_register_destructor          [   0.17046] added dtor for object 05E95F90, func 00D13F6C
d3d      D         d3d_disp.cpp:1186 real_choose_bitmap_format        [   0.17072] Fake format
d3d      D         d3d_disp.cpp:1186 real_choose_bitmap_format        [   0.17073] Fake format
d3d      D         d3d_disp.cpp:1186 real_choose_bitmap_format        [   0.17075] Fake format
d3d      D         d3d_disp.cpp:1186 real_choose_bitmap_format        [   0.17077] Fake format
d3d      D         d3d_disp.cpp:1186 real_choose_bitmap_format        [   0.17078] Fake format
d3d      D         d3d_disp.cpp:1186 real_choose_bitmap_format        [   0.17079] Fake format
d3d      D         d3d_disp.cpp:1186 real_choose_bitmap_format        [   0.17080] Fake format
d3d      D         d3d_disp.cpp:1186 real_choose_bitmap_format        [   0.17081] Fake format
d3d      D         d3d_disp.cpp:1186 real_choose_bitmap_format        [   0.17083] Fake format
d3d      D         d3d_disp.cpp:1194 real_choose_bitmap_format        [   0.17084] Alpha doesn't match
d3d      D         d3d_disp.cpp:1201 real_choose_bitmap_format        [   0.17085] Adapter format is 23
d3d      D         d3d_disp.cpp:1204 real_choose_bitmap_format        [   0.17086] Found a format
d3d      I         d3d_disp.cpp:2381 d3d_create_bitmap                [   0.17088] Chose bitmap format 9
dtor     D               dtor.c:184  _al_register_destructor          [   0.17208] added dtor for object 05EBC7A0, func 00D141E2
d3d      D          d3d_bmp.cpp:539  _al_d3d_sync_bitmap              [   0.18306] _al_d3d_sync_bitmap (system) ref count == 1
d3d      D          d3d_bmp.cpp:545  _al_d3d_sync_bitmap              [   0.18311] _al_d3d_sync_bitmap (video) ref count == 1
d3d      D         d3d_disp.cpp:1186 real_choose_bitmap_format        [   0.30509] Fake format
d3d      D         d3d_disp.cpp:1186 real_choose_bitmap_format        [   0.30513] Fake format
d3d      D         d3d_disp.cpp:1186 real_choose_bitmap_format        [   0.30515] Fake format
d3d      D         d3d_disp.cpp:1186 real_choose_bitmap_format        [   0.30517] Fake format
d3d      D         d3d_disp.cpp:1186 real_choose_bitmap_format        [   0.30518] Fake format
d3d      D         d3d_disp.cpp:1186 real_choose_bitmap_format        [   0.30520] Fake format
d3d      D         d3d_disp.cpp:1186 real_choose_bitmap_format        [   0.30522] Fake format
d3d      D         d3d_disp.cpp:1186 real_choose_bitmap_format        [   0.30523] Fake format
d3d      D         d3d_disp.cpp:1186 real_choose_bitmap_format        [   0.30525] Fake format
d3d      D         d3d_disp.cpp:1194 real_choose_bitmap_format        [   0.30527] Alpha doesn't match
d3d      D         d3d_disp.cpp:1201 real_choose_bitmap_format        [   0.30529] Adapter format is 23
d3d      D         d3d_disp.cpp:1204 real_choose_bitmap_format        [   0.30531] Found a format
d3d      I         d3d_disp.cpp:2381 d3d_create_bitmap                [   0.30532] Chose bitmap format 9
dtor     D               dtor.c:184  _al_register_destructor          [   0.30556] added dtor for object 05EC6CB0, func 00D141E2
d3d      D          d3d_bmp.cpp:539  _al_d3d_sync_bitmap              [   0.30745] _al_d3d_sync_bitmap (system) ref count == 1
d3d      D          d3d_bmp.cpp:545  _al_d3d_sync_bitmap              [   0.30748] _al_d3d_sync_bitmap (video) ref count == 1
d3d      D         d3d_disp.cpp:1186 real_choose_bitmap_format        [   0.30815] Fake format
d3d      D         d3d_disp.cpp:1186 real_choose_bitmap_format        [   0.30817] Fake format
d3d      D         d3d_disp.cpp:1186 real_choose_bitmap_format        [   0.30819] Fake format
d3d      D         d3d_disp.cpp:1186 real_choose_bitmap_format        [   0.30821] Fake format
d3d      D         d3d_disp.cpp:1186 real_choose_bitmap_format        [   0.30823] Fake format
d3d      D         d3d_disp.cpp:1186 real_choose_bitmap_format        [   0.30824] Fake format
d3d      D         d3d_disp.cpp:1186 real_choose_bitmap_format        [   0.30826] Fake format
d3d      D         d3d_disp.cpp:1186 real_choose_bitmap_format        [   0.30828] Fake format
d3d      D         d3d_disp.cpp:1186 real_choose_bitmap_format        [   0.30829] Fake format
d3d      D         d3d_disp.cpp:1194 real_choose_bitmap_format        [   0.30831] Alpha doesn't match
d3d      D         d3d_disp.cpp:1201 real_choose_bitmap_format        [   0.30833] Adapter format is 23
d3d      D         d3d_disp.cpp:1204 real_choose_bitmap_format        [   0.30836] Found a format
d3d      I         d3d_disp.cpp:2381 d3d_create_bitmap                [   0.30838] Chose bitmap format 9
dtor     D               dtor.c:184  _al_register_destructor          [   0.30881] added dtor for object 05ECD370, func 00D141E2
d3d      D          d3d_bmp.cpp:539  _al_d3d_sync_bitmap              [   0.30938] _al_d3d_sync_bitmap (system) ref count == 1
d3d      D          d3d_bmp.cpp:545  _al_d3d_sync_bitmap              [   0.30941] _al_d3d_sync_bitmap (video) ref count == 1
dtor     D               dtor.c:184  _al_register_destructor          [   0.30983] added dtor for object 05ECAAF0, func 00D141E2
dtor     D               dtor.c:184  _al_register_destructor          [   0.30989] added dtor for object 05ECAC58, func 00D141E2
dtor     D               dtor.c:184  _al_register_destructor          [   0.30995] added dtor for object 05ECADC0, func 00D141E2
d3d      D         d3d_disp.cpp:1186 real_choose_bitmap_format        [   0.31119] Fake format
d3d      D         d3d_disp.cpp:1186 real_choose_bitmap_format        [   0.31121] Fake format
d3d      D         d3d_disp.cpp:1186 real_choose_bitmap_format        [   0.31122] Fake format
d3d      D         d3d_disp.cpp:1186 real_choose_bitmap_format        [   0.31123] Fake format
d3d      D         d3d_disp.cpp:1186 real_choose_bitmap_format        [   0.31124] Fake format
d3d      D         d3d_disp.cpp:1186 real_choose_bitmap_format        [   0.31127] Fake format
d3d      D         d3d_disp.cpp:1186 real_choose_bitmap_format        [   0.31128] Fake format
d3d      D         d3d_disp.cpp:1186 real_choose_bitmap_format        [   0.31129] Fake format
d3d      D         d3d_disp.cpp:1186 real_choose_bitmap_format        [   0.31130] Fake format
d3d      D         d3d_disp.cpp:1194 real_choose_bitmap_format        [   0.31131] Alpha doesn't match
d3d      D         d3d_disp.cpp:1201 real_choose_bitmap_format        [   0.31133] Adapter format is 23
d3d      D         d3d_disp.cpp:1204 real_choose_bitmap_format        [   0.31134] Found a format
d3d      I         d3d_disp.cpp:2381 d3d_create_bitmap                [   0.31135] Chose bitmap format 9
font     D                ttf.c:225  alloc_glyph_region               [   0.31176] Glyph 24: 10x15 (12x16)
d3d      D          d3d_bmp.cpp:539  _al_d3d_sync_bitmap              [   0.31678] _al_d3d_sync_bitmap (system) ref count == 1
d3d      D          d3d_bmp.cpp:545  _al_d3d_sync_bitmap              [   0.31682] _al_d3d_sync_bitmap (video) ref count == 1
font     D                ttf.c:225  alloc_glyph_region               [   0.31700] Glyph 21: 10x15 (12x16)
d3d      D          d3d_bmp.cpp:539  _al_d3d_sync_bitmap              [   0.31723] _al_d3d_sync_bitmap (system) ref count == 1
d3d      D          d3d_bmp.cpp:545  _al_d3d_sync_bitmap              [   0.31725] _al_d3d_sync_bitmap (video) ref count == 1
font     D                ttf.c:225  alloc_glyph_region               [   0.31737] Glyph 26: 10x15 (12x16)
d3d      D          d3d_bmp.cpp:539  _al_d3d_sync_bitmap              [   0.31758] _al_d3d_sync_bitmap (system) ref count == 1
d3d      D          d3d_bmp.cpp:545  _al_d3d_sync_bitmap              [   0.31760] _al_d3d_sync_bitmap (video) ref count == 1
font     D                ttf.c:225  alloc_glyph_region               [   0.31770] Glyph 29: 5x11 (8x12)
d3d      D          d3d_bmp.cpp:539  _al_d3d_sync_bitmap              [   0.31791] _al_d3d_sync_bitmap (system) ref count == 1
d3d      D          d3d_bmp.cpp:545  _al_d3d_sync_bitmap              [   0.31793] _al_d3d_sync_bitmap (video) ref count == 1
font     D                ttf.c:225  alloc_glyph_region               [   0.31804] Glyph 22: 10x15 (12x16)
d3d      D          d3d_bmp.cpp:539  _al_d3d_sync_bitmap              [   0.31826] _al_d3d_sync_bitmap (system) ref count == 1
d3d      D          d3d_bmp.cpp:545  _al_d3d_sync_bitmap              [   0.31829] _al_d3d_sync_bitmap (video) ref count == 1
d3d      D          d3d_bmp.cpp:539  _al_d3d_sync_bitmap              [   0.32000] _al_d3d_sync_bitmap (system) ref count == 1
d3d      D          d3d_bmp.cpp:545  _al_d3d_sync_bitmap              [   0.32004] _al_d3d_sync_bitmap (video) ref count == 1
d3d      D          d3d_bmp.cpp:539  _al_d3d_sync_bitmap              [   0.32059] _al_d3d_sync_bitmap (system) ref count == 1
d3d      D          d3d_bmp.cpp:545  _al_d3d_sync_bitmap              [   0.32062] _al_d3d_sync_bitmap (video) ref count == 1
d3d      D          d3d_bmp.cpp:539  _al_d3d_sync_bitmap              [   0.32072] _al_d3d_sync_bitmap (system) ref count == 1
d3d      D          d3d_bmp.cpp:545  _al_d3d_sync_bitmap              [   0.32074] _al_d3d_sync_bitmap (video) ref count == 1
d3d      D          d3d_bmp.cpp:539  _al_d3d_sync_bitmap              [   0.32088] _al_d3d_sync_bitmap (system) ref count == 1
d3d      D          d3d_bmp.cpp:545  _al_d3d_sync_bitmap              [   0.32089] _al_d3d_sync_bitmap (video) ref count == 1
d3d      I         d3d_disp.cpp:899  d3d_destroy_display              [   2.49773] destroying display 008766A0 (current 00000000)
bitmap   D        bitmap_type.c:300  _al_convert_to_memory_bitmap     [   2.49978] converting display bitmap 05ED3E20 to memory bitmap
dtor     D               dtor.c:184  _al_register_destructor          [   2.49989] added dtor for object 05F54A18, func 00D141E2
d3d      D          d3d_bmp.cpp:539  _al_d3d_sync_bitmap              [   2.50018] _al_d3d_sync_bitmap (system) ref count == 1
d3d      D          d3d_bmp.cpp:545  _al_d3d_sync_bitmap              [   2.50021] _al_d3d_sync_bitmap (video) ref count == 1
dtor     D               dtor.c:214  _al_unregister_destructor        [   2.50038] removed dtor for object 05F54A18
bitmap   D        bitmap_type.c:300  _al_convert_to_memory_bitmap     [   2.50094] converting display bitmap 05ECD370 to memory bitmap
dtor     D               dtor.c:184  _al_register_destructor          [   2.50098] added dtor for object 05F54028, func 00D141E2
d3d      D          d3d_bmp.cpp:539  _al_d3d_sync_bitmap              [   2.50110] _al_d3d_sync_bitmap (system) ref count == 1
d3d      D          d3d_bmp.cpp:545  _al_d3d_sync_bitmap              [   2.50112] _al_d3d_sync_bitmap (video) ref count == 1
dtor     D               dtor.c:214  _al_unregister_destructor        [   2.50118] removed dtor for object 05F54028
bitmap   D        bitmap_type.c:300  _al_convert_to_memory_bitmap     [   2.50172] converting display bitmap 05EC6CB0 to memory bitmap
dtor     D               dtor.c:184  _al_register_destructor          [   2.50175] added dtor for object 05F54028, func 00D141E2
d3d      D          d3d_bmp.cpp:539  _al_d3d_sync_bitmap              [   2.50186] _al_d3d_sync_bitmap (system) ref count == 1
d3d      D          d3d_bmp.cpp:545  _al_d3d_sync_bitmap              [   2.50189] _al_d3d_sync_bitmap (video) ref count == 1
dtor     D               dtor.c:214  _al_unregister_destructor        [   2.50193] removed dtor for object 05F54028
bitmap   D        bitmap_type.c:300  _al_convert_to_memory_bitmap     [   2.50237] converting display bitmap 05EBC7A0 to memory bitmap
dtor     D               dtor.c:184  _al_register_destructor          [   2.50323] added dtor for object 05EB5490, func 00D141E2
d3d      D          d3d_bmp.cpp:539  _al_d3d_sync_bitmap              [   2.50377] _al_d3d_sync_bitmap (system) ref count == 1
d3d      D          d3d_bmp.cpp:545  _al_d3d_sync_bitmap              [   2.50379] _al_d3d_sync_bitmap (video) ref count == 1
dtor     D               dtor.c:214  _al_unregister_destructor        [   2.50459] removed dtor for object 05EB5490
d3d      D         d3d_disp.cpp:883  d3d_destroy_display_internals    [   2.50608] waiting for display 008766A0's thread to end
d3d      I         d3d_disp.cpp:1551 d3d_display_thread_proc          [   2.52476] d3d display thread exits
dtor     D               dtor.c:214  _al_unregister_destructor        [   2.52531] removed dtor for object 05EBC7A0
dtor     D               dtor.c:214  _al_unregister_destructor        [   2.52578] removed dtor for object 05EC6CB0
dtor     D               dtor.c:214  _al_unregister_destructor        [   2.52582] removed dtor for object 05ECD370
dtor     D               dtor.c:214  _al_unregister_destructor        [   2.52599] removed dtor for object 05E95F90
dtor     D               dtor.c:214  _al_unregister_destructor        [   2.52601] removed dtor for object 05E9DCF0
dtor     D               dtor.c:214  _al_unregister_destructor        [   2.52614] removed dtor for object 05E8B440
dtor     D               dtor.c:214  _al_unregister_destructor        [   2.52616] removed dtor for object 05E93F70
audio-dsound D           dsound.cpp:539  _dsound_stop_voice               [   2.52617] Stopping voice
audio-dsound D           dsound.cpp:556  _dsound_stop_voice               [   2.52619] Joining thread
audio-dsound D           dsound.cpp:562  _dsound_stop_voice               [   2.52840] Joined thread
audio-dsound D           dsound.cpp:564  _dsound_stop_voice               [   2.52842] Destroying thread
audio-dsound D           dsound.cpp:566  _dsound_stop_voice               [   2.52844] Thread destroyed
audio-dsound D           dsound.cpp:573  _dsound_stop_voice               [   2.52845] Releasing buffer
audio-dsound I           dsound.cpp:577  _dsound_stop_voice               [   2.52847] Voice stopped
dtor     D               dtor.c:214  _al_unregister_destructor        [   2.52848] removed dtor for object 05E8A170
audio-dsound D           dsound.cpp:389  _dsound_deallocate_voice         [   2.52850] Deallocating voice
audio-dsound D           dsound.cpp:394  _dsound_deallocate_voice         [   2.52851] Deallocated voice
audio-dsound D           dsound.cpp:303  _dsound_close                    [   2.52853] Releasing device
audio-dsound D           dsound.cpp:305  _dsound_close                    [   2.53219] Released device
audio-dsound I           dsound.cpp:308  _dsound_close                    [   2.53224] DirectSound closed
font     E                ttf.c:1031 al_shutdown_ttf_addon            [   2.53229] TTF addon not initialised.
dtor     D               dtor.c:114  _al_run_destructors              [   3.46712] calling dtor for object 05ECADC0, func 00D141E2
dtor     D               dtor.c:214  _al_unregister_destructor        [   3.46715] removed dtor for object 05ECADC0
dtor     D               dtor.c:114  _al_run_destructors              [   3.46717] calling dtor for object 05ECAC58, func 00D141E2
dtor     D               dtor.c:214  _al_unregister_destructor        [   3.46719] removed dtor for object 05ECAC58
dtor     D               dtor.c:114  _al_run_destructors              [   3.46720] calling dtor for object 05ECAAF0, func 00D141E2
dtor     D               dtor.c:214  _al_unregister_destructor        [   3.46722] removed dtor for object 05ECAAF0
