e:\school\egp-410\gameai\steering\debug\vc140.pdb
e:\school\egp-410\gameai\steering\debug\vc140.idb
e:\school\egp-410\gameai\steering\debug\exitgamemessage.obj
e:\school\egp-410\gameai\steering\debug\game.obj
e:\school\egp-410\gameai\steering\debug\gamemessage.obj
e:\school\egp-410\gameai\steering\debug\gamemessagemanager.obj
e:\school\egp-410\gameai\steering\debug\graphicsbuffer.obj
e:\school\egp-410\gameai\steering\debug\graphicsbuffermanager.obj
e:\school\egp-410\gameai\steering\debug\graphicssystem.obj
e:\school\egp-410\gameai\steering\debug\inputmanager.obj
e:\school\egp-410\gameai\steering\debug\kinematic.obj
e:\school\egp-410\gameai\steering\debug\kinematicarrivesteering.obj
e:\school\egp-410\gameai\steering\debug\kinematicseeksteering.obj
e:\school\egp-410\gameai\steering\debug\kinematicunit.obj
e:\school\egp-410\gameai\steering\debug\kinematicwandersteering.obj
e:\school\egp-410\gameai\steering\debug\main.obj
e:\school\egp-410\gameai\steering\debug\playermovetomessage.obj
e:\school\egp-410\gameai\steering\debug\sprite.obj
e:\school\egp-410\gameai\steering\debug\spritemanager.obj
e:\school\egp-410\gameai\steering\debug\steering.obj
e:\school\egp-410\gameai\steering\debug\kinematicunitmanager.obj
e:\school\egp-410\gameai\steering\debug\wanderandseeksteering.obj
e:\school\egp-410\gameai\steering\debug\addunitmessage.obj
e:\school\egp-410\gameai\steering\debug\deleteunitmessage.obj
e:\school\egp-410\gameai\steering\debug\dynamicarrivesteering.obj
e:\school\egp-410\gameai\steering\debug\dynamicseeksteering.obj
e:\school\egp-410\gameai\steering\debug\steering.ilk
e:\school\egp-410\gameai\steering\debug\steering.exe
e:\school\egp-410\gameai\steering\debug\steering.pdb
e:\school\egp-410\gameai\steering\debug\steering.tlog\cl.command.1.tlog
e:\school\egp-410\gameai\steering\debug\steering.tlog\cl.read.1.tlog
e:\school\egp-410\gameai\steering\debug\steering.tlog\cl.write.1.tlog
e:\school\egp-410\gameai\steering\debug\steering.tlog\link.command.1.tlog
e:\school\egp-410\gameai\steering\debug\steering.tlog\link.read.1.tlog
e:\school\egp-410\gameai\steering\debug\steering.tlog\link.write.1.tlog
